"../../../Engine/Content/EditorResources/S_Actor.uasset" 0
"../../../Engine/Content/EngineResources/AICON-Red.uasset" 1
"../../../Engine/Content/EngineResources/AICON-Green.uasset" 2
"../../../Engine/Content/EngineFonts/Roboto.uasset" 3
"../../../Engine/Content/Functions/Engine_MaterialFunctions01/Shading/PowerToRoughness.uasset" 4
"../../../Engine/Content/Functions/Engine_MaterialFunctions01/Shading/ConvertFromDiffSpec.uasset" 5
"../../../Engine/Content/EngineMaterials/DefaultDiffuse.uasset" 6
"../../../Engine/Content/EngineMaterials/DefaultDeferredDecalMaterial.uasset" 7
"../../../Engine/Content/EngineMaterials/DefaultLightFunctionMaterial.uasset" 8
"../../../Engine/Content/Functions/Engine_MaterialFunctions02/Utility/BreakOutFloat2Components.uasset" 9
"../../../Engine/Content/EngineMaterials/DefaultPostProcessMaterial.uasset" 10
"../../../Engine/Content/EngineResources/DefaultTexture.uasset" 11
"../../../Engine/Content/Functions/Engine_MaterialFunctions01/Texturing/ScaleUVsByCenter.uasset" 12
"../../../Engine/Content/Functions/Engine_MaterialFunctions02/ScreenResolution.uasset" 13
"../../../Engine/Content/Functions/Engine_MaterialFunctions02/Texturing/ScreenAlignedUVs.uasset" 14
"../../../Engine/Content/EngineResources/WhiteSquareTexture.uasset" 15
"../../../Engine/Content/EngineMaterials/Widget3DPassThrough.uasset" 16
"../../../Engine/Content/EngineMaterials/Widget3DPassThrough_Translucent.uasset" 17
"../../../Engine/Content/EngineMaterials/Widget3DPassThrough_Translucent_OneSided.uasset" 18
"../../../Engine/Content/EngineMaterials/Widget3DPassThrough_Opaque.uasset" 19
"../../../Engine/Content/EngineMaterials/Widget3DPassThrough_Opaque_OneSided.uasset" 20
"../../../Engine/Content/EngineMaterials/Widget3DPassThrough_Masked.uasset" 21
"../../../Engine/Content/EngineMaterials/Widget3DPassThrough_Masked_OneSided.uasset" 22
"../../../Engine/Content/Maps/Templates/Thumbnails/Default.uasset" 23
"../../../Engine/Content/Maps/Templates/Thumbnails/VR-Basic.uasset" 24
"../../../Engine/Content/EditorMaterials/ParticleSystems/PSysThumbnail_NoImage.uasset" 25
"../../../Engine/Content/EditorMaterials/ParticleSystems/PSysThumbnail_OOD.uasset" 26
"../../../Engine/Content/EditorLandscapeResources/DataLayer.uasset" 27
"../../../Engine/Content/EngineDamageTypes/DmgTypeBP_Environmental.uasset" 28
"../../../Engine/Content/EngineMeshes/Sphere.uasset" 29
"../../../Engine/Content/EngineFonts/RobotoDistanceField.uasset" 30
"../../../Engine/Content/EngineMaterials/DefaultTextMaterialOpaque.uasset" 31
"../../../Engine/Content/EditorResources/S_Trigger.uasset" 32
"../../../Engine/Content/EngineResources/GradientTexture0.uasset" 33
"../../../Engine/Content/EngineResources/Black.uasset" 34
"../../../Engine/Content/EditorMaterials/MatineeGroups/MAT_Groups_Float.uasset" 35
"../../../Engine/Content/EditorMaterials/MatineeGroups/MAT_Groups_Director.uasset" 36
"../../../Engine/Content/EditorMaterials/MatineeGroups/MAT_Groups_Event.uasset" 37
"../../../Engine/Content/EditorMaterials/MatineeGroups/MAT_Groups_Anim.uasset" 38
"../../../Engine/Content/EditorMaterials/MatineeGroups/MAT_Groups_Fade.uasset" 39
"../../../Engine/Content/EditorMaterials/MatineeGroups/MAT_Groups_Move.uasset" 40
"../../../Engine/Content/EditorMaterials/MatineeGroups/MAT_Groups_Slomo.uasset" 41
"../../../Engine/Content/EditorMaterials/MatineeGroups/MAT_ColorTrack.uasset" 42
"../../../Engine/Content/EditorMaterials/MAT_Groups_Toggle.uasset" 43
"../../../Engine/Content/EditorMaterials/MatineeGroups/MAT_Groups_AudioMaster.uasset" 44
"../../../Engine/Content/EditorMaterials/MatineeGroups/MAT_Groups_Sound.uasset" 45
"../../../Engine/Content/EditorMaterials/MatineeGroups/MAT_Groups_Vector.uasset" 46
"../../../Engine/Content/EditorMaterials/MAT_Groups_Visibility.uasset" 47
"../../../Engine/Content/EngineResources/DefaultTextureCube.uasset" 48
"../../../Engine/Content/Functions/Engine_MaterialFunctions01/Opacity/CameraDepthFade.uasset" 49
"../../../Engine/Content/EngineMaterials/T_Default_Material_Grid_M.uasset" 50
"../../../Engine/Content/EngineMaterials/T_Default_Material_Grid_N.uasset" 51
"../../../Engine/Content/EngineMaterials/DefaultMaterial.uasset" 52
"../../../Engine/Content/EngineMeshes/Cylinder.uasset" 53
"../../../Engine/Content/EngineTireTypes/DefaultTireType.uasset" 54
"../../../Engine/Content/EditorMaterials/Camera/CineMat.uasset" 55
"../../../Engine/Content/EditorMaterials/Camera/MI_CineMat_Rig.uasset" 56
"../../../Engine/Content/EditorMeshes/Camera/SM_CraneRig_Base.uasset" 57
"../../../Engine/Content/EditorMeshes/Camera/SM_CraneRig_Arm.uasset" 58
"../../../Engine/Content/EditorMeshes/Camera/SM_CraneRig_Mount.uasset" 59
"../../../Engine/Content/EditorMeshes/Camera/SM_CraneRig_Body.uasset" 60
"../../../Engine/Content/EditorMeshes/Camera/SM_RailRig_Track.uasset" 61
"../../../Engine/Content/EditorMeshes/Camera/SM_RailRig_Mount.uasset" 62
"../../../Engine/Content/VREditor/LaserPointer/VR_LaserPower_01.uasset" 63
"../../../Engine/Content/VREditor/TransformGizmo/TransformGizmoMaterial.uasset" 64
"../../../Engine/Content/VREditor/TransformGizmo/TranslucentTransformGizmoMaterial.uasset" 65
"../../../Engine/Content/VREditor/TransformGizmo/TranslationHandle.uasset" 66
"../../../Engine/Content/VREditor/TransformGizmo/PlaneTranslationHandle.uasset" 67
"../../../Engine/Content/VREditor/TransformGizmo/RotationHandle.uasset" 68
"../../../Engine/Content/VREditor/TransformGizmo/StretchingHandle.uasset" 69
"../../../Engine/Content/VREditor/TransformGizmo/BoundingBoxCorner.uasset" 70
"../../../Engine/Content/VREditor/TransformGizmo/BoundingBoxEdge.uasset" 71
"../../../Engine/Content/VREditor/TransformGizmo/UniformScaleHandle.uasset" 72
"../../../Engine/Content/VREditor/FloatingText/LineMaterial.uasset" 73
"../../../Engine/Content/VREditor/FloatingText/LineSegmentCylinder.uasset" 74
"../../../Engine/Content/VREditor/FloatingText/JointSphere.uasset" 75
"../../../Engine/Content/VREditor/Fonts/VRText_RobotoLarge.uasset" 76
"../../../Engine/Content/VREditor/Fonts/VRTextMaterial.uasset" 77
"../../../Engine/Content/VREditor/Fonts/TranslucentVRTextMaterial.uasset" 78
"../../../Engine/Content/VREditor/UI/SelectionBarMesh.uasset" 79
"../../../Engine/Content/VREditor/UI/CloseButtonMesh.uasset" 80
"../../../Engine/Content/Tutorial/Mobile/TutorialAssets/android_Icon.uasset" 81
"../../../Engine/Content/Tutorial/Basics/TutorialAssets/icon_tab_Levels_40x.uasset" 82
"../../../Engine/Content/Tutorial/ContentIntroCurve.uasset" 83
"../../../Engine/Plugins/2D/Paper2D/Content/PlaceholderTextures/DummySpriteTexture.uasset" 84
"../../../Engine/Plugins/2D/Paper2D/Content/DefaultSpriteMaterial.uasset" 85
"../../../Engine/Plugins/2D/Paper2D/Content/MaskedUnlitSpriteMaterial.uasset" 86
"../../../Engine/Plugins/2D/Paper2D/Content/OpaqueUnlitSpriteMaterial.uasset" 87
"../../../Engine/Plugins/2D/Paper2D/Content/DummySprite.uasset" 88
"../../../Engine/Plugins/2D/Paper2D/Content/DefaultPaperTerrainMaterial.uasset" 89
"../../../Engine/Content/EngineMaterials/RemoveSurfaceMaterial.uasset" 90
"../../../Engine/Content/EngineDebugMaterials/DebugMeshMaterial.uasset" 91
"../../../Engine/Content/EngineMaterials/InvalidLightmapSettings.uasset" 92
"../../../Engine/Content/EngineMaterials/M_InvalidLightmapSettings.uasset" 93
"../../../Engine/Content/EditorMaterials/GizmoMaterial.uasset" 94
"../../../Engine/Content/EngineMaterials/Good64x64TilingNoiseHighFreq.uasset" 95
"../../../Engine/Content/EngineMaterials/DefaultBokeh.uasset" 96
"../../../Engine/Content/EngineMaterials/PreintegratedSkinBRDF.uasset" 97
"../../../Engine/Content/EngineMaterials/MiniFont.uasset" 98
"../../../Engine/Content/EngineMaterials/WeightMapPlaceholderTexture.uasset" 99
"../../../Engine/Content/EngineMaterials/DefaultWhiteGrid.uasset" 100
"../../../Engine/Content/EngineMaterials/DefaultPhysicalMaterial.uasset" 101
"../../../Engine/Content/EngineFonts/RobotoTiny.uasset" 102
"../../../Engine/Content/EditorSounds/Notifications/CompileSuccess.uasset" 103
"../../../Engine/Content/EditorSounds/Notifications/CompileStart_Cue.uasset" 104
"../../../Engine/Content/EditorSounds/Notifications/CompileSuccess_Cue.uasset" 105
"../../../Engine/Content/EditorSounds/Notifications/CompileFailed.uasset" 106
"../../../Engine/Content/EditorSounds/Notifications/CompileFailed_Cue.uasset" 107
"../../../VRproject/Content/MobileStarterContent/Textures/T_Bush_D.uasset" 108
"../../../VRproject/Content/MobileStarterContent/Textures/T_Bush_N.uasset" 109
"../../../VRproject/Content/MobileStarterContent/Props/Materials/M_Bush.uasset" 110
"../../../VRproject/Content/MobileStarterContent/Props/SM_Bush.uasset" 111
"../../../VRproject/Content/MobileStarterContent/Textures/T_Chair_M.uasset" 112
"../../../VRproject/Content/MobileStarterContent/Textures/T_Chair_N.uasset" 113
"../../../VRproject/Content/MobileStarterContent/Props/Materials/M_Chair.uasset" 114
"../../../VRproject/Content/MobileStarterContent/Props/SM_Couch.uasset" 115
"../../../VRproject/Content/MobileStarterContent/Materials/M_Glass.uasset" 116
"../../../VRproject/Content/MobileStarterContent/Textures/T_Door_M.uasset" 117
"../../../VRproject/Content/MobileStarterContent/Textures/T_Door_N.uasset" 118
"../../../VRproject/Content/MobileStarterContent/Props/Materials/M_Door.uasset" 119
"../../../VRproject/Content/MobileStarterContent/Props/SM_Door.uasset" 120
"../../../VRproject/Content/MobileStarterContent/Props/Materials/M_MaterialSphere.uasset" 121
"../../../VRproject/Content/MobileStarterContent/Props/Materials/M_MaterialSphere_Plain.uasset" 122
"../../../VRproject/Content/MobileStarterContent/Props/SM_MatPreviewMesh_02.uasset" 123
"../../../VRproject/Content/MobileStarterContent/Textures/T_Rock_Basalt_D.uasset" 124
"../../../VRproject/Content/MobileStarterContent/Textures/T_RockMesh_M.uasset" 125
"../../../VRproject/Content/MobileStarterContent/Textures/T_RockMesh_N.uasset" 126
"../../../VRproject/Content/MobileStarterContent/Props/Materials/M_Rock.uasset" 127
"../../../VRproject/Content/MobileStarterContent/Props/SM_Rock.uasset" 128
"../../../VRproject/Content/MobileStarterContent/Textures/T_Shelf_M.uasset" 129
"../../../VRproject/Content/MobileStarterContent/Textures/T_Shelf_N.uasset" 130
"../../../VRproject/Content/MobileStarterContent/Props/Materials/M_Shelf.uasset" 131
"../../../VRproject/Content/MobileStarterContent/Props/SM_Shelf.uasset" 132
"../../../VRproject/Content/MobileStarterContent/Props/SM_Stairs.uasset" 133
"../../../Engine/Content/EditorResources/EmptyActor.uasset" 134
"../../../Engine/Content/EditorResources/AudioIcons/S_AudioComponent_AutoActivate.uasset" 135
"../../../Engine/Content/EditorResources/AudioIcons/S_AudioComponent.uasset" 136
"../../../Engine/Content/MobileResources/HUD/T_Castle_ThumbstickOutter.uasset" 137
"../../../Engine/Content/MobileResources/HUD/MobileHUDButton2_on.uasset" 138
"../../../VRproject/Content/MobileStarterContent/Materials/M_Basic_Wall.uasset" 139
"../../../VRproject/Content/MobileStarterContent/Shapes/Shape_WideCapsule.uasset" 140
"../../../VRproject/Content/MobileStarterContent/Shapes/Shape_Wedge_B.uasset" 141
"../../../VRproject/Content/MobileStarterContent/Shapes/Shape_Wedge_A.uasset" 142
"../../../VRproject/Content/MobileStarterContent/Shapes/Shape_Tube.uasset" 143
"../../../VRproject/Content/MobileStarterContent/Textures/T_Concrete_Tiles_Variation_M.uasset" 144
"../../../VRproject/Content/FirstPerson/FPWeapon/Materials/MaterialLayers/T_ML_FineRubber.uasset" 145
"../../../VRproject/Content/FirstPerson/FPWeapon/Mesh/SK_FPGun_PhysicsAsset.uasset" 146
"../../../VRproject/Content/FirstPerson/FPWeapon/Materials/MaterialLayers/ML_Plastic_Shiny_Beige_LOGO.uasset" 147
"../../../Engine/Content/MobileResources/HUD/MobileHUDButton1_on.uasset" 148
"../../../Engine/Content/MobileResources/HUD/MobileHUDDirectionPad3.uasset" 149
"../../../Engine/Content/MobileResources/HUD/MobileHUDButton1_off.uasset" 150
"../../../VRproject/Content/MobileStarterContent/Textures/T_CobbleStone_Pebble_M.uasset" 151
"../../../Engine/Content/MobileResources/HUD/MobileHUDDirectionStick.uasset" 152
"../../../Engine/Content/MobileResources/HUD/MobileHUDButton3.uasset" 153
"../../../Engine/Content/MobileResources/HUD/T_Castle_ThumbstickInner.uasset" 154
"../../../VRproject/Content/MobileStarterContent/Textures/T_Rock_Smooth_Granite_D.uasset" 155
"../../../VRproject/Content/MobileStarterContent/Textures/T_Detail_Rocky_N.uasset" 156
"../../../Engine/Content/MobileResources/T_MobileControls_texture.uasset" 157
"../../../Engine/Content/MobileResources/T_MobileMenu2.uasset" 158
"../../../Engine/Content/MobileResources/HUD/MobileHUDDirectionPad.uasset" 159
"../../../Engine/Content/MobileResources/HUD/MobileHUDDirectionPad2.uasset" 160
"../../../VRproject/Content/MobileStarterContent/Textures/T_Perlin_Noise_M.uasset" 161
"../../../VRproject/Content/MobileStarterContent/Textures/T_Gradinet_01.uasset" 162
"../../../Engine/Content/MobileResources/HUD/MobileHUDButton2_off.uasset" 163
"../../../Engine/Content/BasicShapes/Cone.uasset" 164
"../../../Engine/Content/EngineMaterials/WorldGridMaterial.uasset" 165
"../../../Engine/Content/BasicShapes/Cube.uasset" 166
"../../../Engine/Content/BasicShapes/Cylinder.uasset" 167
"../../../Engine/Content/BasicShapes/Sphere.uasset" 168
"../../../Engine/Content/EditorMaterials/PhAT_JointLimitMaterial.uasset" 169
"../../../Engine/Content/EditorMaterials/PreviewShadowIndicator.uasset" 170
"../../../Engine/Content/EditorMaterials/PreviewShadowIndicatorMaterial.uasset" 171
"../../../Engine/Content/EditorMeshes/ColorCalibrator/M_ChromeBall.uasset" 172
"../../../Engine/Content/EditorMeshes/ColorCalibrator/M_ClearCoat.uasset" 173
"../../../Engine/Content/EditorMeshes/ColorCalibrator/M_ClearCoatBlack.uasset" 174
"../../../Engine/Content/EditorMeshes/ColorCalibrator/T_ColorGrid.uasset" 175
"../../../Engine/Content/EditorMeshes/ColorCalibrator/M_ColorGrid.uasset" 176
"../../../Engine/Content/EditorMeshes/ColorCalibrator/M_GreyBall.uasset" 177
"../../../Engine/Content/EditorMeshes/ColorCalibrator/SM_ColorCalibrator.uasset" 178
"../../../Engine/Content/EditorResources/BSPVertex.uasset" 179
"../../../Engine/Content/EngineDebugMaterials/HeatmapGradient.uasset" 180
"../../../Engine/Content/EngineDebugMaterials/BoneWeightMaterial.uasset" 181
"../../../Engine/Content/EngineDebugMaterials/GeomMaterial.uasset" 182
"../../../Engine/Content/EngineMaterials/EditorBrushMaterial.uasset" 183
"../../../Engine/Content/EngineMeshes/Cube.uasset" 184
"../../../Engine/Content/MobileResources/HUD/AnalogHat.uasset" 185
"../../../Engine/Content/MobileResources/HUD/VirtualJoystick_Background.uasset" 186
"../../../Engine/Content/MobileResources/HUD/VirtualJoystick_Thumb.uasset" 187
"../../../Engine/Content/MobileResources/HUD/DefaultVirtualJoysticks.uasset" 188
"../../../Engine/Content/MobileResources/HUD/LeftVirtualJoystickOnly.uasset" 189
"../../../Engine/Content/MobileResources/HUD/MobileHUDButtonFire.uasset" 190
"../../../Engine/Content/Tutorial/BlueprintTutorials/TutorialAssets/BlueprintInterface_64x.uasset" 191
"../../../Engine/Content/Tutorial/BlueprintTutorials/TutorialAssets/BlueprintMacroLibrary_64x.uasset" 192
"../../../Engine/Content/Tutorial/BlueprintTutorials/TutorialAssets/Blueprint_64x.uasset" 193
"../../../Engine/Content/Tutorial/BlueprintTutorials/TutorialAssets/Tutorial_BP_Interface.uasset" 194
"../../../Engine/Content/Tutorial/Foliage/TutorialAssets/Foliage.uasset" 195
"../../../Engine/Content/Tutorial/Landscape/TutorialAssets/Landscape.uasset" 196
"../../../Engine/Content/Tutorial/Paper2D/TutorialAssets/Paper2DFlipbook_TutorialIcon.uasset" 197
"../../../Engine/Content/Tutorial/Paper2D/TutorialAssets/Paper2DSprite_TutorialIcon.uasset" 198
"../../../Engine/Content/Tutorial/SubEditors/TutorialAssets/icon_Editor_Preferences_General_40x.uasset" 199
"../../../Engine/Content/Tutorial/SubEditors/TutorialAssets/icon_ShowSkeletalMeshes_40x.uasset" 200
"../../../Engine/Content/Tutorial/SubEditors/TutorialAssets/TutorialMaterial.uasset" 201
"../../../Engine/Content/Tutorial/SubEditors/TutorialAssets/T_SmokeSubUV_8X8.uasset" 202
"../../../Engine/Content/Tutorial/SubEditors/TutorialAssets/T_soft_smoke.uasset" 203
"../../../Engine/Content/Tutorial/SubEditors/TutorialAssets/M_smoke_subUV_blackbody.uasset" 204
"../../../Engine/Content/Tutorial/SubEditors/TutorialAssets/TutorialParticleSystem.uasset" 205
"../../../Engine/Content/EditorMeshes/EditorCube.uasset" 206
"../../../Engine/Content/Tutorial/SubEditors/TutorialAssets/Tutorial_DM.uasset" 207
"../../../VRproject/Content/Geometry/Meshes/CubeMaterial.uasset" 208
"../../../VRproject/Content/Geometry/Meshes/1M_Cube_Chamfer.uasset" 209
"../../../VRproject/Content/Geometry/Meshes/TemplateFloor.uasset" 210
"../../../VRproject/Content/MobileStarterContent/Architecture/Pillar_50x500.uasset" 211
"../../../VRproject/Content/MobileStarterContent/Architecture/Wall_400x300.uasset" 212
"../../../VRproject/Content/MobileStarterContent/Architecture/Wall_400x400.uasset" 213
"../../../VRproject/Content/MobileStarterContent/Architecture/Wall_500x500.uasset" 214
"../../../VRproject/Content/MobileStarterContent/Architecture/Wall_Door_400x400.uasset" 215
"../../../VRproject/Content/MobileStarterContent/Architecture/Wall_Window_400x400.uasset" 216
"../../../VRproject/Content/MobileStarterContent/Audio/Light01.uasset" 217
"../../../VRproject/Content/MobileStarterContent/Audio/Light01_Cue.uasset" 218
"../../../VRproject/Content/MobileStarterContent/Audio/Light02.uasset" 219
"../../../VRproject/Content/MobileStarterContent/Audio/Light02_Cue.uasset" 220
"../../../VRproject/Content/MobileStarterContent/Audio/Steam01.uasset" 221
"../../../VRproject/Content/MobileStarterContent/Audio/Steam01_Cue.uasset" 222
"../../../VRproject/Content/MobileStarterContent/Audio/Explosion01.uasset" 223
"../../../VRproject/Content/MobileStarterContent/Audio/Explosion02.uasset" 224
"../../../VRproject/Content/MobileStarterContent/Audio/Explosion_Cue.uasset" 225
"../../../VRproject/Content/MobileStarterContent/Textures/T_Burst_M.uasset" 226
"../../../VRproject/Content/MobileStarterContent/Particles/Materials/M_Burst.uasset" 227
"../../../VRproject/Content/MobileStarterContent/Textures/T_Explosion_SubUV.uasset" 228
"../../../VRproject/Content/MobileStarterContent/Particles/Materials/M_explosion_subUV.uasset" 229
"../../../VRproject/Content/MobileStarterContent/Particles/Materials/m_flare_01.uasset" 230
"../../../Engine/Content/Functions/Engine_MaterialFunctions01/Gradient/RadialGradient.uasset" 231
"../../../VRproject/Content/MobileStarterContent/Particles/Materials/M_radial_ramp.uasset" 232
"../../../VRproject/Content/MobileStarterContent/Textures/T_Smoke_SubUV.uasset" 233
"../../../VRproject/Content/MobileStarterContent/Textures/T_Smoke_Tiled_D.uasset" 234
"../../../VRproject/Content/MobileStarterContent/Particles/Materials/M_smoke_subUV.uasset" 235
"../../../VRproject/Content/MobileStarterContent/Particles/P_Explosion.uasset" 236
"../../../VRproject/Content/MobileStarterContent/Blueprints/Blueprint_Effect_Explosion.uasset" 237
"../../../VRproject/Content/MobileStarterContent/Shapes/Shape_Cone.uasset" 238
"../../../VRproject/Content/MobileStarterContent/Shapes/Shape_Cylinder.uasset" 239
"../../../VRproject/Content/MobileStarterContent/Shapes/Shape_NarrowCapsule.uasset" 240
"../../../VRproject/Content/MobileStarterContent/Shapes/Shape_Pipe.uasset" 241
"../../../VRproject/Content/MobileStarterContent/Shapes/Shape_Pipe_180.uasset" 242
"../../../VRproject/Content/MobileStarterContent/Shapes/Shape_Pipe_90.uasset" 243
"../../../VRproject/Content/MobileStarterContent/Shapes/Shape_Plane.uasset" 244
"../../../VRproject/Content/MobileStarterContent/Shapes/Shape_Torus.uasset" 245
"../../../VRproject/Content/MobileStarterContent/Shapes/Shape_Trim.uasset" 246
"../../../VRproject/Content/MobileStarterContent/Shapes/Shape_Trim_90_In.uasset" 247
"../../../VRproject/Content/MobileStarterContent/Shapes/Shape_Trim_90_Out.uasset" 248
"../../../VRproject/Content/MobileStarterContent/Shapes/Shape_TriPyramid.uasset" 249
"../../../Engine/Content/EngineMaterials/DefaultNormal.uasset" 250
"../../../Engine/Content/Maps/Entry.umap" 251
"../../../VRproject/Content/FirstPerson/Character/Mesh/SK_Mannequin_Arms_Skeleton.uasset" 252
"../../../VRproject/Content/FirstPerson/Animations/FirstPerson_Idle.uasset" 253
"../../../VRproject/Content/FirstPerson/Animations/FirstPerson_JumpEnd.uasset" 254
"../../../VRproject/Content/FirstPerson/Animations/FirstPerson_JumpLoop.uasset" 255
"../../../VRproject/Content/FirstPerson/Animations/FirstPerson_JumpStart.uasset" 256
"../../../VRproject/Content/FirstPerson/Animations/FirstPerson_Run.uasset" 257
"../../../Engine/Content/EditorBlueprintResources/StandardMacros.uasset" 258
"../../../VRproject/Content/FirstPerson/Animations/FirstPerson_AnimBP.uasset" 259
"../../../VRproject/Content/FirstPerson/Animations/FirstPerson_Fire.uasset" 260
"../../../VRproject/Content/FirstPerson/Animations/FirstPersonFire_Montage.uasset" 261
"../../../VRproject/Content/FirstPerson/Meshes/BaseMaterial.uasset" 262
"../../../VRproject/Content/FirstPerson/Meshes/FirstPersonProjectileMaterial.uasset" 263
"../../../VRproject/Content/FirstPerson/Meshes/FirstPersonProjectileMesh.uasset" 264
"../../../VRproject/Content/FirstPersonBP/Blueprints/FirstPersonProjectile.uasset" 265
"../../../VRproject/Content/FirstPerson/Audio/FirstPersonTemplateWeaponFire02.uasset" 266
"../../../Engine/Content/Functions/Engine_MaterialFunctions02/Utility/BlendAngleCorrectedNormals.uasset" 267
"../../../Engine/Content/Functions/MaterialLayerFunctions/MatLayerBlend_NormalBlend.uasset" 268
"../../../Engine/Content/Functions/MaterialLayerFunctions/MatLayerBlend_Simple.uasset" 269
"../../../VRproject/Content/FirstPerson/Character/Materials/MaterialLayers/T_ML_Rubber_Blue_01_D.uasset" 270
"../../../VRproject/Content/FirstPerson/Character/Materials/MaterialLayers/T_ML_Rubber_Blue_01_N.uasset" 271
"../../../VRproject/Content/FirstPerson/Character/Materials/MaterialLayers/ML_GlossyBlack_Latex_UE4.uasset" 272
"../../../VRproject/Content/FirstPerson/Character/Materials/MaterialLayers/ML_Plastic_Shiny_Beige.uasset" 273
"../../../VRproject/Content/FirstPerson/Character/Textures/UE4_LOGO_CARD.uasset" 274
"../../../VRproject/Content/FirstPerson/Character/Materials/MaterialLayers/ML_Plastic_Shiny_Beige_LOGO.uasset" 275
"../../../VRproject/Content/FirstPerson/Character/Materials/MaterialLayers/T_ML_Aluminum01.uasset" 276
"../../../VRproject/Content/FirstPerson/Character/Materials/MaterialLayers/T_ML_Aluminum01_N.uasset" 277
"../../../VRproject/Content/FirstPerson/Character/Materials/MaterialLayers/ML_SoftMetal_UE4.uasset" 278
"../../../VRproject/Content/FirstPerson/Character/Textures/UE4_Mannequin__normals.uasset" 279
"../../../VRproject/Content/FirstPerson/Character/Textures/UE4_Mannequin_MAT_MASKA.uasset" 280
"../../../VRproject/Content/FirstPerson/Character/Materials/M_UE4Man_Body.uasset" 281
"../../../VRproject/Content/FirstPerson/Character/Mesh/SK_Mannequin_Arms_PhysicsAsset.uasset" 282
"../../../VRproject/Content/FirstPerson/Character/Mesh/SK_Mannequin_Arms.uasset" 283
"../../../VRproject/Content/FirstPerson/FPWeapon/Materials/MaterialLayers/T_ML_Rubber_Blue_01_D.uasset" 284
"../../../VRproject/Content/FirstPerson/FPWeapon/Materials/MaterialLayers/T_ML_Rubber_Blue_01_N.uasset" 285
"../../../VRproject/Content/FirstPerson/FPWeapon/Materials/MaterialLayers/ML_GlossyBlack_Latex_UE4.uasset" 286
"../../../VRproject/Content/FirstPerson/FPWeapon/Materials/MaterialLayers/ML_Plastic_Shiny_Beige.uasset" 287
"../../../VRproject/Content/FirstPerson/FPWeapon/Materials/MaterialLayers/ML_Screen.uasset" 288
"../../../VRproject/Content/FirstPerson/FPWeapon/Materials/MaterialLayers/T_ML_Aluminum01.uasset" 289
"../../../VRproject/Content/FirstPerson/FPWeapon/Materials/MaterialLayers/T_ML_Aluminum01_N.uasset" 290
"../../../VRproject/Content/FirstPerson/FPWeapon/Materials/MaterialLayers/ML_SoftMetal_UE4.uasset" 291
"../../../VRproject/Content/FirstPerson/FPWeapon/Textures/T_FPGun_M.uasset" 292
"../../../VRproject/Content/FirstPerson/FPWeapon/Textures/T_FPGun_N.uasset" 293
"../../../VRproject/Content/FirstPerson/FPWeapon/Materials/M_FPGun.uasset" 294
"../../../VRproject/Content/FirstPerson/FPWeapon/Mesh/SK_FPGun_Skeleton.uasset" 295
"../../../VRproject/Content/FirstPerson/FPWeapon/Mesh/SK_FPGun.uasset" 296
"../../../VRproject/Content/FirstPersonBP/Blueprints/FirstPersonCharacter.uasset" 297
"../../../Engine/Content/EngineSky/C_Sky_Cloud_Color.uasset" 298
"../../../Engine/Content/EngineSky/C_Sky_Horizon_Color.uasset" 299
"../../../Engine/Content/EngineSky/C_Sky_Zenith_Color.uasset" 300
"../../../Engine/Content/EngineSky/T_Sky_Blue.uasset" 301
"../../../Engine/Content/EngineSky/T_Sky_Clouds_M.uasset" 302
"../../../Engine/Content/EngineSky/T_Sky_Stars.uasset" 303
"../../../Engine/Content/EngineSky/M_Sky_Panning_Clouds2.uasset" 304
"../../../Engine/Content/EngineSky/SM_SkySphere.uasset" 305
"../../../Engine/Content/EngineSky/BP_Sky_Sphere.uasset" 306
"../../../VRproject/Content/FirstPerson/Textures/FirstPersonCrosshair.uasset" 307
"../../../VRproject/Content/FirstPersonBP/Blueprints/FirstPersonHUD.uasset" 308
"../../../VRproject/Content/FirstPersonBP/Blueprints/FirstPersonGameMode.uasset" 309
"../../../Engine/Content/Functions/Engine_MaterialFunctions03/Procedurals/ComputeFilterWidth.uasset" 310
"../../../Engine/Content/EngineMaterials/AntiAliasedTextMaterialTranslucent.uasset" 311
"../../../VRproject/Content/Floor.uasset" 312
"../../../VRproject/Content/FirstPerson/Meshes/CubeMaterialOverride.uasset" 313
"../../../VRproject/Content/Geometry/Meshes/1M_Cube.uasset" 314
"../../../VRproject/Content/FirstPersonBP/Maps/FirstPersonExampleMap.umap" 315
"../../../VRproject/Content/MobileStarterContent/Materials/M_Basic_Floor.uasset" 316
"../../../VRproject/Content/MobileStarterContent/Architecture/Floor_400x400.uasset" 317
"../../../VRproject/Content/MobileStarterContent/Props/SM_Chair.uasset" 318
"../../../VRproject/Content/MobileStarterContent/Textures/T_Statue_M.uasset" 319
"../../../VRproject/Content/MobileStarterContent/Textures/T_Statue_N.uasset" 320
"../../../VRproject/Content/MobileStarterContent/Props/Materials/M_Statue.uasset" 321
"../../../VRproject/Content/MobileStarterContent/Props/Materials/M_StatueGlass.uasset" 322
"../../../VRproject/Content/MobileStarterContent/Props/SM_Statue.uasset" 323
"../../../VRproject/Content/MobileStarterContent/Textures/T_TableRound_M.uasset" 324
"../../../VRproject/Content/MobileStarterContent/Textures/T_TableRound_N.uasset" 325
"../../../VRproject/Content/MobileStarterContent/Props/Materials/M_TableRound.uasset" 326
"../../../VRproject/Content/MobileStarterContent/Props/SM_TableRound.uasset" 327
"../../../VRproject/Content/MobileStarterContent/Maps/Minimal_Default.umap" 328
"../../../VRproject/Content/EntryLevel.umap" 329
"../../../VRproject/Content/MobileStarterContent/Audio/Fire01.uasset" 330
"../../../VRproject/Content/MobileStarterContent/Audio/Fire01_Cue.uasset" 331
"../../../VRproject/Content/MobileStarterContent/Textures/T_Fire_SubUV.uasset" 332
"../../../VRproject/Content/MobileStarterContent/Textures/T_Fire_Tiled_D.uasset" 333
"../../../VRproject/Content/MobileStarterContent/Particles/Materials/M_Fire_SubUV.uasset" 334
"../../../VRproject/Content/MobileStarterContent/Particles/Materials/M_Radial_Gradient.uasset" 335
"../../../VRproject/Content/MobileStarterContent/Particles/P_Fire.uasset" 336
"../../../VRproject/Content/MobileStarterContent/Blueprints/Blueprint_Effect_Fire.uasset" 337
"../../../VRproject/Content/MobileStarterContent/Audio/Smoke01.uasset" 338
"../../../VRproject/Content/MobileStarterContent/Audio/Smoke01_Cue.uasset" 339
"../../../VRproject/Content/MobileStarterContent/Particles/P_Smoke.uasset" 340
"../../../VRproject/Content/MobileStarterContent/Blueprints/Blueprint_Effect_Smoke.uasset" 341
"../../../VRproject/Content/MobileStarterContent/Audio/Fire_Sparks01.uasset" 342
"../../../VRproject/Content/MobileStarterContent/Audio/Fire_Sparks01_Cue.uasset" 343
"../../../VRproject/Content/MobileStarterContent/Textures/T_Spark_Core.uasset" 344
"../../../VRproject/Content/MobileStarterContent/Particles/Materials/M_Spark.uasset" 345
"../../../VRproject/Content/MobileStarterContent/Particles/P_Sparks.uasset" 346
"../../../VRproject/Content/MobileStarterContent/Blueprints/Blueprint_Effect_Sparks.uasset" 347
"../../../VRproject/Content/MobileStarterContent/Textures/T_Lamp_M.uasset" 348
"../../../VRproject/Content/MobileStarterContent/Textures/T_Lamp_N.uasset" 349
"../../../VRproject/Content/MobileStarterContent/Props/Materials/M_Lamp.uasset" 350
"../../../VRproject/Content/MobileStarterContent/Props/SM_Lamp_Ceiling.uasset" 351
"../../../VRproject/Content/MobileStarterContent/Blueprints/Blueprint_CeilingLight.uasset" 352
"../../../VRproject/Content/MobileStarterContent/Props/SM_Lamp_Wall.uasset" 353
"../../../VRproject/Content/MobileStarterContent/Blueprints/Blueprint_WallSconce.uasset" 354
"../../../VRproject/Content/MobileStarterContent/Textures/T_Brick_Clay_Beveled_D.uasset" 355
"../../../VRproject/Content/MobileStarterContent/Textures/T_Brick_Clay_Beveled_M.uasset" 356
"../../../VRproject/Content/MobileStarterContent/Textures/T_Brick_Clay_Beveled_N.uasset" 357
"../../../VRproject/Content/MobileStarterContent/Materials/M_Brick_Clay_Beveled.uasset" 358
"../../../VRproject/Content/MobileStarterContent/Textures/T_Brick_Clay_New_D.uasset" 359
"../../../VRproject/Content/MobileStarterContent/Textures/T_Brick_Clay_New_M.uasset" 360
"../../../VRproject/Content/MobileStarterContent/Textures/T_Brick_Clay_New_N.uasset" 361
"../../../VRproject/Content/MobileStarterContent/Materials/M_Brick_Clay_New.uasset" 362
"../../../VRproject/Content/MobileStarterContent/Textures/T_Brick_Clay_Old_D.uasset" 363
"../../../VRproject/Content/MobileStarterContent/Textures/T_Brick_Clay_Old_N.uasset" 364
"../../../VRproject/Content/MobileStarterContent/Materials/M_Brick_Clay_Old.uasset" 365
"../../../VRproject/Content/MobileStarterContent/Textures/T_Brick_Cut_Stone_D.uasset" 366
"../../../VRproject/Content/MobileStarterContent/Textures/T_Brick_Cut_Stone_N.uasset" 367
"../../../VRproject/Content/MobileStarterContent/Materials/M_Brick_Cut_Stone.uasset" 368
"../../../VRproject/Content/MobileStarterContent/Textures/T_Brick_Hewn_Stone_D.uasset" 369
"../../../VRproject/Content/MobileStarterContent/Textures/T_Brick_Hewn_Stone_M.uasset" 370
"../../../VRproject/Content/MobileStarterContent/Textures/T_Brick_Hewn_Stone_N.uasset" 371
"../../../VRproject/Content/MobileStarterContent/Materials/M_Brick_Hewn_Stone.uasset" 372
"../../../VRproject/Content/MobileStarterContent/Textures/T_Ceramic_Tile_M.uasset" 373
"../../../VRproject/Content/MobileStarterContent/Textures/T_Ceramic_Tile_N.uasset" 374
"../../../VRproject/Content/MobileStarterContent/Textures/T_Rock_Marble_Polished_D.uasset" 375
"../../../VRproject/Content/MobileStarterContent/Materials/M_Ceramic_Tile_Checker.uasset" 376
"../../../VRproject/Content/MobileStarterContent/Textures/T_CobbleStone_Pebble_D.uasset" 377
"../../../VRproject/Content/MobileStarterContent/Textures/T_CobbleStone_Pebble_N.uasset" 378
"../../../VRproject/Content/MobileStarterContent/Materials/M_CobbleStone_Pebble.uasset" 379
"../../../VRproject/Content/MobileStarterContent/Textures/T_CobbleStone_Rough_D.uasset" 380
"../../../VRproject/Content/MobileStarterContent/Textures/T_CobbleStone_Rough_N.uasset" 381
"../../../VRproject/Content/MobileStarterContent/Materials/M_CobbleStone_Rough.uasset" 382
"../../../VRproject/Content/MobileStarterContent/Textures/T_CobbleStone_Smooth_D.uasset" 383
"../../../VRproject/Content/MobileStarterContent/Textures/T_CobbleStone_Smooth_M.uasset" 384
"../../../VRproject/Content/MobileStarterContent/Textures/T_CobbleStone_Smooth_N.uasset" 385
"../../../VRproject/Content/MobileStarterContent/Materials/M_CobbleStone_Smooth.uasset" 386
"../../../VRproject/Content/MobileStarterContent/Textures/T_Concrete_Grime_D.uasset" 387
"../../../VRproject/Content/MobileStarterContent/Textures/T_Metal_Rust_N.uasset" 388
"../../../VRproject/Content/MobileStarterContent/Materials/M_Concrete_Grime.uasset" 389
"../../../VRproject/Content/MobileStarterContent/Textures/T_Concrete_Panels_D.uasset" 390
"../../../VRproject/Content/MobileStarterContent/Textures/T_Concrete_Panels_N.uasset" 391
"../../../VRproject/Content/MobileStarterContent/Materials/M_Concrete_Panels.uasset" 392
"../../../VRproject/Content/MobileStarterContent/Textures/T_Concrete_Poured_D.uasset" 393
"../../../VRproject/Content/MobileStarterContent/Textures/T_Concrete_Poured_N.uasset" 394
"../../../VRproject/Content/MobileStarterContent/Materials/M_Concrete_Poured.uasset" 395
"../../../VRproject/Content/MobileStarterContent/Textures/T_Concrete_Tiles_D.uasset" 396
"../../../VRproject/Content/MobileStarterContent/Textures/T_Concrete_Tiles_M.uasset" 397
"../../../VRproject/Content/MobileStarterContent/Textures/T_Concrete_Tiles_N.uasset" 398
"../../../VRproject/Content/MobileStarterContent/Materials/M_Concrete_Tiles.uasset" 399
"../../../VRproject/Content/MobileStarterContent/Textures/T_Ground_Grass_D.uasset" 400
"../../../VRproject/Content/MobileStarterContent/Textures/T_Ground_Grass_N.uasset" 401
"../../../VRproject/Content/MobileStarterContent/Materials/M_Ground_Grass.uasset" 402
"../../../VRproject/Content/MobileStarterContent/Textures/T_Ground_Gravel_D.uasset" 403
"../../../VRproject/Content/MobileStarterContent/Textures/T_Ground_Gravel_N.uasset" 404
"../../../VRproject/Content/MobileStarterContent/Materials/M_Ground_Gravel.uasset" 405
"../../../VRproject/Content/MobileStarterContent/Textures/T_ground_Moss_D.uasset" 406
"../../../VRproject/Content/MobileStarterContent/Textures/T_Ground_Moss_N.uasset" 407
"../../../VRproject/Content/MobileStarterContent/Materials/M_Ground_Moss.uasset" 408
"../../../VRproject/Content/MobileStarterContent/Textures/T_MacroVariation.uasset" 409
"../../../VRproject/Content/MobileStarterContent/Materials/M_Metal_Brushed_Nickel.uasset" 410
"../../../VRproject/Content/MobileStarterContent/Textures/T_Metal_Aluminum_D.uasset" 411
"../../../VRproject/Content/MobileStarterContent/Textures/T_Metal_Gold_N.uasset" 412
"../../../VRproject/Content/MobileStarterContent/Materials/M_Metal_Burnished_Steel.uasset" 413
"../../../VRproject/Content/MobileStarterContent/Materials/M_Metal_Chrome.uasset" 414
"../../../VRproject/Content/MobileStarterContent/Textures/T_Metal_Copper_D.uasset" 415
"../../../VRproject/Content/MobileStarterContent/Materials/M_Metal_Copper.uasset" 416
"../../../VRproject/Content/MobileStarterContent/Textures/T_Metal_Gold_D.uasset" 417
"../../../VRproject/Content/MobileStarterContent/Materials/M_Metal_Gold.uasset" 418
"../../../VRproject/Content/MobileStarterContent/Textures/T_Metal_Rust_D.uasset" 419
"../../../VRproject/Content/MobileStarterContent/Materials/M_Metal_Rust.uasset" 420
"../../../VRproject/Content/MobileStarterContent/Textures/T_Metal_Steel_D.uasset" 421
"../../../VRproject/Content/MobileStarterContent/Textures/T_Metal_Steel_N.uasset" 422
"../../../VRproject/Content/MobileStarterContent/Materials/M_Metal_Steel.uasset" 423
"../../../VRproject/Content/MobileStarterContent/Textures/T_Rock_Basalt_N.uasset" 424
"../../../VRproject/Content/MobileStarterContent/Materials/M_Rock_Basalt.uasset" 425
"../../../VRproject/Content/MobileStarterContent/Materials/M_Rock_Marble_Polished.uasset" 426
"../../../VRproject/Content/MobileStarterContent/Textures/T_Rock_Sandstone_D.uasset" 427
"../../../VRproject/Content/MobileStarterContent/Textures/T_Rock_Sandstone_N.uasset" 428
"../../../VRproject/Content/MobileStarterContent/Materials/M_Rock_Sandstone.uasset" 429
"../../../VRproject/Content/MobileStarterContent/Textures/T_Rock_Slate_D.uasset" 430
"../../../VRproject/Content/MobileStarterContent/Textures/T_Rock_Slate_N.uasset" 431
"../../../VRproject/Content/MobileStarterContent/Materials/M_Rock_Slate.uasset" 432
"../../../VRproject/Content/MobileStarterContent/Textures/T_Checker_Noise_M.uasset" 433
"../../../VRproject/Content/MobileStarterContent/Textures/T_Single_Tile_N.uasset" 434
"../../../VRproject/Content/MobileStarterContent/Textures/T_Tech_Dot_M.uasset" 435
"../../../VRproject/Content/MobileStarterContent/Textures/T_Tech_Dot_N.uasset" 436
"../../../VRproject/Content/MobileStarterContent/Materials/M_Tech_Checker_Dot.uasset" 437
"../../../VRproject/Content/MobileStarterContent/Textures/T_Tech_Hex_Tile_M.uasset" 438
"../../../VRproject/Content/MobileStarterContent/Textures/T_Tech_Hex_Tile_N.uasset" 439
"../../../VRproject/Content/MobileStarterContent/Materials/M_Tech_Hex_Tile.uasset" 440
"../../../VRproject/Content/MobileStarterContent/Materials/M_Tech_Hex_Tile_Pulse.uasset" 441
"../../../VRproject/Content/MobileStarterContent/Textures/T_Tech_Panel_M.uasset" 442
"../../../VRproject/Content/MobileStarterContent/Textures/T_Tech_Panel_N.uasset" 443
"../../../VRproject/Content/MobileStarterContent/Materials/M_Tech_Panel.uasset" 444
"../../../VRproject/Content/MobileStarterContent/Textures/T_Water_N.uasset" 445
"../../../VRproject/Content/MobileStarterContent/Materials/M_Water_Lake.uasset" 446
"../../../VRproject/Content/MobileStarterContent/Textures/T_Water_M.uasset" 447
"../../../VRproject/Content/MobileStarterContent/Materials/M_Water_Ocean.uasset" 448
"../../../VRproject/Content/MobileStarterContent/Textures/T_Wood_Floor_Walnut_D.uasset" 449
"../../../VRproject/Content/MobileStarterContent/Textures/T_Wood_Floor_Walnut_M.uasset" 450
"../../../VRproject/Content/MobileStarterContent/Textures/T_Wood_Floor_Walnut_N.uasset" 451
"../../../VRproject/Content/MobileStarterContent/Materials/M_Wood_Floor_Walnut_Polished.uasset" 452
"../../../VRproject/Content/MobileStarterContent/Materials/M_Wood_Floor_Walnut_Worn.uasset" 453
"../../../VRproject/Content/MobileStarterContent/Textures/T_Wood_Oak_D.uasset" 454
"../../../VRproject/Content/MobileStarterContent/Textures/T_Wood_Oak_N.uasset" 455
"../../../VRproject/Content/MobileStarterContent/Materials/M_Wood_Oak.uasset" 456
"../../../VRproject/Content/MobileStarterContent/Textures/T_Wood_Pine_D.uasset" 457
"../../../VRproject/Content/MobileStarterContent/Textures/T_Wood_Pine_N.uasset" 458
"../../../VRproject/Content/MobileStarterContent/Materials/M_Wood_Pine.uasset" 459
"../../../VRproject/Content/MobileStarterContent/Textures/T_Wood_Walnut_D.uasset" 460
"../../../VRproject/Content/MobileStarterContent/Textures/T_Wood_Walnut_N.uasset" 461
"../../../VRproject/Content/MobileStarterContent/Materials/M_Wood_Walnut.uasset" 462
"../../../VRproject/Content/MobileStarterContent/Architecture/Wall_400x200.uasset" 463
"../../../VRproject/Content/MobileStarterContent/Architecture/Wall_Door_400x300.uasset" 464
"../../../VRproject/Content/MobileStarterContent/Architecture/Wall_Window_400x300.uasset" 465
"../../../VRproject/Content/MobileStarterContent/Audio/Collapse01.uasset" 466
"../../../VRproject/Content/MobileStarterContent/Audio/Collapse02.uasset" 467
"../../../VRproject/Content/MobileStarterContent/Audio/Collapse_Cue.uasset" 468
"../../../VRproject/Content/MobileStarterContent/Audio/Starter_Birds01.uasset" 469
"../../../VRproject/Content/MobileStarterContent/Audio/Starter_Wind05.uasset" 470
"../../../VRproject/Content/MobileStarterContent/Audio/Starter_Wind06.uasset" 471
"../../../VRproject/Content/MobileStarterContent/Audio/Starter_Background_Cue.uasset" 472
"../../../VRproject/Content/MobileStarterContent/Audio/Starter_Music01.uasset" 473
"../../../VRproject/Content/MobileStarterContent/Audio/Starter_Music_Cue.uasset" 474
"../../../VRproject/Content/MobileStarterContent/Textures/T_Dust_Particle_D.uasset" 475
"../../../VRproject/Content/MobileStarterContent/Particles/Materials/M_Dust_Particle.uasset" 476
"../../../VRproject/Content/MobileStarterContent/Particles/P_Ambient_Dust.uasset" 477
"../../../VRproject/Content/MobileStarterContent/Props/MaterialSphere.uasset" 478
"../../../VRproject/Content/MobileStarterContent/Textures/T_Frame_M.uasset" 479
"../../../VRproject/Content/MobileStarterContent/Textures/T_Frame_N.uasset" 480
"../../../VRproject/Content/MobileStarterContent/Props/Materials/M_Frame.uasset" 481
"../../../VRproject/Content/MobileStarterContent/Props/SM_CornerFrame.uasset" 482
"../../../VRproject/Content/MobileStarterContent/Props/SM_DoorFrame.uasset" 483
"../../../VRproject/Content/MobileStarterContent/Props/SM_GlassWindow.uasset" 484
"../../../VRproject/Content/MobileStarterContent/Props/SM_PillarFrame.uasset" 485
"../../../VRproject/Content/MobileStarterContent/Props/SM_PillarFrame300.uasset" 486
"../../../VRproject/Content/MobileStarterContent/Props/SM_WindowFrame.uasset" 487
"../../../VRproject/Content/MobileStarterContent/Shapes/Shape_Cube.uasset" 488
"../../../VRproject/Content/MobileStarterContent/Shapes/Shape_QuadPyramid.uasset" 489
"../../../VRproject/Content/MobileStarterContent/Shapes/Shape_Sphere.uasset" 490
"../../../VRproject/Content/MobileStarterContent/Maps/StarterMap.umap" 491
